2022-01-16 16:02:11,004  INFO [main] RentalCar:14 - URL Opened
2022-01-16 16:02:14,653  INFO [main] RentalCar:14 - Page opend with title Book Outstation Cabs, Local & Airport Taxi Service - India's Leading Car Rentals
2022-01-16 16:02:16,997  INFO [main] RentalCar:14 - signin is clicked in page Homepage
2022-01-16 16:02:23,634  INFO [main] RentalCar:14 - Email is send in page Account Log in
2022-01-16 16:02:24,860  INFO [main] RentalCar:14 - Password is send in page Account Log in
2022-01-16 16:02:26,237  INFO [main] RentalCar:14 - Signin button is clicked in page Account Log in
2022-01-16 16:02:27,975  INFO [main] RentalCar:14 - Successfully Logged in
2022-01-16 16:02:29,800  INFO [main] RentalCar:14 -  from place is clicked in page from
2022-01-16 16:02:31,367  INFO [main] RentalCar:14 - place is send in page from
2022-01-16 16:02:32,882  INFO [main] RentalCar:14 - place is clicked in page to
2022-01-16 16:02:34,408  INFO [main] RentalCar:14 - place is send in page to
2022-01-16 16:02:35,723  INFO [main] RentalCar:14 - place is clicked in page to
2022-01-16 16:02:38,429  INFO [main] RentalCar:14 - selected is clicked in page select
2022-01-16 16:02:38,966  INFO [main] RentalCar:14 - Successfully verified
2022-01-16 16:02:41,024  INFO [main] RentalCar:14 - Selected is clicked in page homepage
2022-01-16 16:02:42,239  INFO [main] RentalCar:14 - place is clicked in page local
2022-01-16 16:02:43,963  INFO [main] RentalCar:14 - closed is clicked in page close
2022-01-16 16:02:45,633  INFO [main] RentalCar:14 - place is clicked in page from
2022-01-16 16:02:47,338  INFO [main] RentalCar:14 - place is send in page from
2022-01-16 16:02:49,359  INFO [main] RentalCar:14 - selected is clicked in page select
2022-01-16 16:02:56,029  INFO [main] RentalCar:14 - selected is clicked in page select
2022-01-16 16:02:58,122  INFO [main] RentalCar:14 - Successfully verified
2022-01-16 16:02:59,539  INFO [main] RentalCar:14 - Selected is clicked in page homepage
2022-01-16 16:03:01,539  INFO [main] RentalCar:14 - button is clicked in page airport
2022-01-16 16:03:03,206  INFO [main] RentalCar:14 - selected is clicked in page trip
2022-01-16 16:03:05,596  INFO [main] RentalCar:14 - Drop bar is clicked in page Airport page
2022-01-16 16:03:07,452  INFO [main] RentalCar:14 - dropdown is send in page Airport page
2022-01-16 16:03:09,594  INFO [main] RentalCar:14 - click is clicked in page Address
2022-01-16 16:03:11,676  INFO [main] RentalCar:14 - selected is clicked in page select
2022-01-16 16:03:15,227  INFO [main] RentalCar:14 - selected is clicked in page select
2022-01-16 16:03:17,210  INFO [main] RentalCar:14 - Selected is clicked in page homepage
2022-01-16 16:03:19,205  INFO [main] RentalCar:14 - Downloadicon is clicked in page click
2022-01-16 16:03:30,866  INFO [main] RentalCar:14 - Playstore detail shown
2022-01-16 16:03:32,327  INFO [main] RentalCar:14 - icon is clicked in page Travelagent
2022-01-16 16:03:46,419  INFO [main] RentalCar:14 - button is clicked in page login
2022-01-16 16:03:47,639  INFO [main] RentalCar:14 - email is send in page account log in
2022-01-16 16:03:48,703  INFO [main] RentalCar:14 - password is send in page account log in
2022-01-16 16:03:49,811  INFO [main] RentalCar:14 - login is clicked in page account log in
2022-01-16 16:03:50,676  INFO [main] RentalCar:14 - Alert shown
2022-01-16 16:03:52,547  INFO [main] RentalCar:14 - link is clicked in page click
2022-01-16 16:04:03,849  INFO [main] RentalCar:14 - name is clicked in page send
2022-01-16 16:04:05,912  INFO [main] RentalCar:14 - name is send in page send
2022-01-16 16:04:08,230  INFO [main] RentalCar:14 - company is clicked in page select
2022-01-16 16:04:10,088  INFO [main] RentalCar:14 - company is send in page select
2022-01-16 16:04:12,334  INFO [main] RentalCar:14 - email is clicked in page select
2022-01-16 16:04:14,516  INFO [main] RentalCar:14 - emaily is send in page select
2022-01-16 16:04:16,849  INFO [main] RentalCar:14 - phoneno is clicked in page select
2022-01-16 16:04:19,032  INFO [main] RentalCar:14 - phonenno is send in page select
2022-01-16 16:04:21,037  INFO [main] RentalCar:14 - volume is clicked in page business
2022-01-16 16:04:23,459  INFO [main] RentalCar:14 - button is clicked in page submit
2022-01-16 16:04:28,486  INFO [main] RentalCar:14 - Message displayed
2022-01-16 16:04:33,386  INFO [main] RentalCar:14 - outstation is clicked in page click
2022-01-16 16:04:35,110  INFO [main] RentalCar:14 - radiobutton is clicked in page click
2022-01-16 16:04:37,095  INFO [main] RentalCar:14 - selected is clicked in page select
2022-01-16 16:04:39,513  INFO [main] RentalCar:14 - selected is clicked in page select
2022-01-16 16:04:40,525  INFO [main] RentalCar:14 - Successfully verified
2022-01-16 16:04:41,929  INFO [main] RentalCar:14 - Selected is clicked in page homepage
2022-01-16 16:04:44,129  INFO [main] RentalCar:14 - insta icon is clicked in page homepage
2022-01-16 16:05:09,851 ERROR [main] RentalCar:21 - Twitter page not openedSavaari Car Rentals (@savaaricars)/Twitter
2022-01-16 16:05:21,412 ERROR [main] RentalCar:21 - myacc is not able clicked in page Homepage
